{"level":30,"time":1700914358696,"pid":22412,"hostname":"DESKTOP-G2AKT0K","msg":"Server started on port 5000"}
{"level":30,"time":1700914369237,"pid":32156,"hostname":"DESKTOP-G2AKT0K","msg":"Server started on port 5000"}
{"level":30,"time":1700914438859,"pid":10484,"hostname":"DESKTOP-G2AKT0K","msg":"Server started on port 8080"}
{"level":30,"time":1700914516835,"pid":33052,"hostname":"DESKTOP-G2AKT0K","msg":"Server started on port 8080"}
{"level":30,"time":1700916475009,"pid":32324,"hostname":"DESKTOP-G2AKT0K","msg":"Server started on port 8080"}
{"level":30,"time":1700916549914,"pid":29380,"hostname":"DESKTOP-G2AKT0K","msg":"Server started on port 8080"}
{"level":30,"time":1700916905011,"pid":20176,"hostname":"DESKTOP-G2AKT0K","msg":"Server started on port 8080"}
{"level":30,"time":1700916931337,"pid":27320,"hostname":"DESKTOP-G2AKT0K","msg":"Server started on port 8080"}
{"level":30,"time":1700917004733,"pid":9876,"hostname":"DESKTOP-G2AKT0K","msg":"Server started on port 8080"}
{"level":30,"time":1700917030120,"pid":33100,"hostname":"DESKTOP-G2AKT0K","msg":"Server started on port 8080"}
{"level":30,"time":1700917173403,"pid":29680,"hostname":"DESKTOP-G2AKT0K","msg":"Server started on port 8080"}
{"level":30,"time":1700917303589,"pid":33548,"hostname":"DESKTOP-G2AKT0K","msg":"Server started on port 8080"}
{"level":30,"time":1700917440715,"pid":30864,"hostname":"DESKTOP-G2AKT0K","msg":"Server started on port 8080"}
{"level":30,"time":1700917787463,"pid":24232,"hostname":"DESKTOP-G2AKT0K","msg":"Server started on port 8080"}
{"level":30,"time":1700917905111,"pid":25436,"hostname":"DESKTOP-G2AKT0K","msg":"Server started on port 8080"}
{"level":30,"time":1700917953590,"pid":31900,"hostname":"DESKTOP-G2AKT0K","msg":"Server started on port 8080"}
{"level":30,"time":1700917972204,"pid":18064,"hostname":"DESKTOP-G2AKT0K","msg":"Server started on port 8080"}
{"level":30,"time":1700918025280,"pid":33324,"hostname":"DESKTOP-G2AKT0K","msg":"Server started on port 8080"}
{"level":30,"time":1700918058684,"pid":30952,"hostname":"DESKTOP-G2AKT0K","msg":"Server started on port 8080"}
{"level":30,"time":1700918101361,"pid":12824,"hostname":"DESKTOP-G2AKT0K","msg":"Server started on port 8080"}
{"level":30,"time":1700918501698,"pid":31232,"hostname":"DESKTOP-G2AKT0K","msg":"Server started on port 8080"}
{"level":30,"time":1700918501834,"pid":31232,"hostname":"DESKTOP-G2AKT0K","msg":"Synced db!"}
{"level":30,"time":1700925535906,"pid":25152,"hostname":"DESKTOP-G2AKT0K","msg":"Server started on port 8080"}
{"level":30,"time":1700925669514,"pid":19088,"hostname":"DESKTOP-G2AKT0K","msg":"Server started on port 8080"}
{"level":30,"time":1700925718623,"pid":30296,"hostname":"DESKTOP-G2AKT0K","msg":"Server started on port 8080"}
{"level":30,"time":1700925933623,"pid":31276,"hostname":"DESKTOP-G2AKT0K","msg":"Server started on port 8080"}
{"level":30,"time":1700926045968,"pid":31200,"hostname":"DESKTOP-G2AKT0K","msg":"Server started on port 8080"}
{"level":30,"time":1700926412737,"pid":31600,"hostname":"DESKTOP-G2AKT0K","msg":"Server started on port 8080"}
{"level":30,"time":1700926502393,"pid":33416,"hostname":"DESKTOP-G2AKT0K","msg":"Server started on port 8080"}
{"level":30,"time":1700927209680,"pid":27580,"hostname":"DESKTOP-G2AKT0K","msg":"Server started on port 8080"}
{"level":30,"time":1700927228233,"pid":24676,"hostname":"DESKTOP-G2AKT0K","msg":"Server started on port 8080"}
{"level":30,"time":1700927566132,"pid":33400,"hostname":"DESKTOP-G2AKT0K","msg":"Server started on port 8080"}
{"level":30,"time":1700927566281,"pid":33400,"hostname":"DESKTOP-G2AKT0K","msg":"ConnectionConnection to the database was successful!"}
{"level":30,"time":1700927608856,"pid":14104,"hostname":"DESKTOP-G2AKT0K","msg":"Server started on port 8080"}
{"level":30,"time":1700927609020,"pid":14104,"hostname":"DESKTOP-G2AKT0K","msg":"ConnectionConnection to the database was successful!"}
{"level":30,"time":1700927619739,"pid":25092,"hostname":"DESKTOP-G2AKT0K","msg":"Server started on port 8080"}
{"level":30,"time":1700927619876,"pid":25092,"hostname":"DESKTOP-G2AKT0K","msg":"Connection to the database was successful!"}
{"level":30,"time":1700927659682,"pid":33492,"hostname":"DESKTOP-G2AKT0K","msg":"Server started on port 8080"}
{"level":30,"time":1700927659799,"pid":33492,"hostname":"DESKTOP-G2AKT0K","msg":"Connection to the database was successful!"}
{"level":30,"time":1700927683367,"pid":19088,"hostname":"DESKTOP-G2AKT0K","msg":"Server started on port 8080"}
{"level":30,"time":1700927683512,"pid":19088,"hostname":"DESKTOP-G2AKT0K","msg":"Connection to the database was successful!"}
{"level":30,"time":1700927696492,"pid":25096,"hostname":"DESKTOP-G2AKT0K","msg":"Server started on port 8080"}
{"level":30,"time":1700927696633,"pid":25096,"hostname":"DESKTOP-G2AKT0K","msg":"Connection to the database was successful!"}
{"level":30,"time":1700927789479,"pid":30404,"hostname":"DESKTOP-G2AKT0K","msg":"Server started on port 8080"}
{"level":30,"time":1700927789597,"pid":30404,"hostname":"DESKTOP-G2AKT0K","msg":"Connection to the database was successful!"}
{"level":30,"time":1700927811087,"pid":3956,"hostname":"DESKTOP-G2AKT0K","msg":"Server started on port 8080"}
{"level":30,"time":1700927811208,"pid":3956,"hostname":"DESKTOP-G2AKT0K","msg":"Connection to the database was successful!"}
{"level":30,"time":1700927914811,"pid":23100,"hostname":"DESKTOP-G2AKT0K","msg":"Server started on port 8080"}
{"level":30,"time":1700927914951,"pid":23100,"hostname":"DESKTOP-G2AKT0K","msg":"Connection to the database was successful!"}
{"level":30,"time":1700928179041,"pid":33084,"hostname":"DESKTOP-G2AKT0K","msg":"Server started on port 8080"}
{"level":30,"time":1700928179255,"pid":33084,"hostname":"DESKTOP-G2AKT0K","msg":"Connection to the database was successful!"}
{"level":30,"time":1700928225060,"pid":30292,"hostname":"DESKTOP-G2AKT0K","msg":"Server started on port 8080"}
{"level":30,"time":1700928225176,"pid":30292,"hostname":"DESKTOP-G2AKT0K","msg":"Connection to the database was successful!"}
{"level":30,"time":1700928457429,"pid":31052,"hostname":"DESKTOP-G2AKT0K","msg":"Server started on port 8080"}
{"level":30,"time":1700928457644,"pid":31052,"hostname":"DESKTOP-G2AKT0K","msg":"Connection to the database was successful!"}
{"level":30,"time":1700928517762,"pid":23512,"hostname":"DESKTOP-G2AKT0K","msg":"Server started on port 8080"}
{"level":30,"time":1700928517906,"pid":23512,"hostname":"DESKTOP-G2AKT0K","msg":"Connection to the database was successful!"}
{"level":30,"time":1700928631390,"pid":24788,"hostname":"DESKTOP-G2AKT0K","msg":"Server started on port 8080"}
{"level":30,"time":1700928631505,"pid":24788,"hostname":"DESKTOP-G2AKT0K","msg":"Connection to the database was successful!"}
{"level":30,"time":1700928722217,"pid":31584,"hostname":"DESKTOP-G2AKT0K","msg":"Server started on port 8080"}
{"level":30,"time":1700928722361,"pid":31584,"hostname":"DESKTOP-G2AKT0K","msg":"Connection to the database was successful!"}
{"level":30,"time":1700928730922,"pid":31584,"hostname":"DESKTOP-G2AKT0K","req":{"id":1,"method":"GET","url":"/api/todos","query":{},"params":{},"headers":{"host":"localhost:8080","connection":"keep-alive","cache-control":"max-age=0","sec-ch-ua":"\"Google Chrome\";v=\"119\", \"Chromium\";v=\"119\", \"Not?A_Brand\";v=\"24\"","sec-ch-ua-mobile":"?0","sec-ch-ua-platform":"\"Windows\"","upgrade-insecure-requests":"1","user-agent":"Mozilla/5.0 (Windows NT 10.0; Win64; x64) AppleWebKit/537.36 (KHTML, like Gecko) Chrome/119.0.0.0 Safari/537.36","accept":"text/html,application/xhtml+xml,application/xml;q=0.9,image/avif,image/webp,image/apng,*/*;q=0.8,application/signed-exchange;v=b3;q=0.7","sec-fetch-site":"none","sec-fetch-mode":"navigate","sec-fetch-user":"?1","sec-fetch-dest":"document","accept-encoding":"gzip, deflate, br","accept-language":"ru-RU,ru;q=0.9,en-US;q=0.8,en;q=0.7","cookie":"csrftoken=WtW8uJBsqvelg03XHaN7JVlvah5OUtW3"},"remoteAddress":"::1","remotePort":54195},"res":{"statusCode":404,"headers":{"x-powered-by":"Express","access-control-allow-origin":"*","content-security-policy":"default-src 'none'","x-content-type-options":"nosniff","content-type":"text/html; charset=utf-8","content-length":148,"cache-control":"max-age=300"}},"responseTime":7,"msg":"request completed"}
{"level":30,"time":1700928754093,"pid":31444,"hostname":"DESKTOP-G2AKT0K","msg":"Server started on port 8080"}
{"level":30,"time":1700928754315,"pid":31444,"hostname":"DESKTOP-G2AKT0K","msg":"Connection to the database was successful!"}
{"level":30,"time":1700928755545,"pid":31444,"hostname":"DESKTOP-G2AKT0K","req":{"id":1,"method":"GET","url":"/api/todos","query":{},"params":{},"headers":{"host":"localhost:8080","connection":"keep-alive","cache-control":"max-age=0","sec-ch-ua":"\"Google Chrome\";v=\"119\", \"Chromium\";v=\"119\", \"Not?A_Brand\";v=\"24\"","sec-ch-ua-mobile":"?0","sec-ch-ua-platform":"\"Windows\"","upgrade-insecure-requests":"1","user-agent":"Mozilla/5.0 (Windows NT 10.0; Win64; x64) AppleWebKit/537.36 (KHTML, like Gecko) Chrome/119.0.0.0 Safari/537.36","accept":"text/html,application/xhtml+xml,application/xml;q=0.9,image/avif,image/webp,image/apng,*/*;q=0.8,application/signed-exchange;v=b3;q=0.7","sec-fetch-site":"none","sec-fetch-mode":"navigate","sec-fetch-user":"?1","sec-fetch-dest":"document","accept-encoding":"gzip, deflate, br","accept-language":"ru-RU,ru;q=0.9,en-US;q=0.8,en;q=0.7","cookie":"csrftoken=WtW8uJBsqvelg03XHaN7JVlvah5OUtW3"},"remoteAddress":"::1","remotePort":54219},"res":{"statusCode":200,"headers":{"x-powered-by":"Express","access-control-allow-origin":"*","content-type":"application/json; charset=utf-8","content-length":"15","etag":"W/\"f-vqLJ1/0EApLgQkk4rzn31jNOjYo\"","cache-control":"max-age=300"}},"responseTime":9,"msg":"request completed"}
{"level":30,"time":1700928828075,"pid":10468,"hostname":"DESKTOP-G2AKT0K","msg":"Server started on port 8080"}
{"level":30,"time":1700928828322,"pid":10468,"hostname":"DESKTOP-G2AKT0K","msg":"Connection to the database was successful!"}
{"level":30,"time":1700928837202,"pid":17180,"hostname":"DESKTOP-G2AKT0K","msg":"Server started on port 8080"}
{"level":30,"time":1700928837344,"pid":17180,"hostname":"DESKTOP-G2AKT0K","msg":"Connection to the database was successful!"}
{"level":30,"time":1700929091878,"pid":7876,"hostname":"DESKTOP-G2AKT0K","msg":"Server started on port 8080"}
{"level":30,"time":1700929091995,"pid":7876,"hostname":"DESKTOP-G2AKT0K","msg":"Connection to the database was successful!"}
{"level":30,"time":1700929130382,"pid":16048,"hostname":"DESKTOP-G2AKT0K","msg":"Server started on port 8080"}
{"level":30,"time":1700929130505,"pid":16048,"hostname":"DESKTOP-G2AKT0K","msg":"Connection to the database was successful!"}
{"level":30,"time":1700929420295,"pid":24756,"hostname":"DESKTOP-G2AKT0K","msg":"Server started on port 8080"}
{"level":30,"time":1700929420506,"pid":24756,"hostname":"DESKTOP-G2AKT0K","msg":"Connection to the database was successful!"}
{"level":30,"time":1700929461448,"pid":23900,"hostname":"DESKTOP-G2AKT0K","msg":"Server started on port 8080"}
{"level":30,"time":1700929461696,"pid":23900,"hostname":"DESKTOP-G2AKT0K","msg":"Connection to the database was successful!"}
{"level":30,"time":1700929492846,"pid":10676,"hostname":"DESKTOP-G2AKT0K","msg":"Server started on port 8080"}
{"level":30,"time":1700929493075,"pid":10676,"hostname":"DESKTOP-G2AKT0K","msg":"Connection to the database was successful!"}
{"level":30,"time":1700929513223,"pid":30200,"hostname":"DESKTOP-G2AKT0K","msg":"Server started on port 8080"}
{"level":30,"time":1700929513338,"pid":30200,"hostname":"DESKTOP-G2AKT0K","msg":"Connection to the database was successful!"}
{"level":30,"time":1700929703765,"pid":27308,"hostname":"DESKTOP-G2AKT0K","msg":"Server started on port 8080"}
{"level":30,"time":1700929703978,"pid":27308,"hostname":"DESKTOP-G2AKT0K","msg":"Connection to the database was successful!"}
{"level":30,"time":1700929790238,"pid":30364,"hostname":"DESKTOP-G2AKT0K","msg":"Server started on port 8080"}
{"level":30,"time":1700929790357,"pid":30364,"hostname":"DESKTOP-G2AKT0K","msg":"Connection to the database was successful!"}
{"level":30,"time":1700929841854,"pid":30364,"hostname":"DESKTOP-G2AKT0K","req":{"id":1,"method":"POST","url":"/api/todos","query":{},"params":{},"headers":{"authorization":"Bearer yJhbGciOiJIUzI1NiIsInR5cCI6IkpXVCJ9.eyJ1c2VyX25hbWUiOiJEcm9jaGlsYTIyOCIsImVtYWlsIjoiZXhhbXBsZTJAeWFuZGV4LmZyIiwiaWQiOjcsImlhdCI6MTcwMDkxMjQyNiwiZXhwIjoxNzAwOTE0MjI2fQ.S4ugxKbIxhcex8S1iKe8IIvsyGP03TyXXvd7xFss8xw","content-type":"application/json","user-agent":"PostmanRuntime/7.29.2","accept":"*/*","postman-token":"994688ec-c7e7-4dae-beda-e633f08b2fbd","host":"localhost:8080","accept-encoding":"gzip, deflate, br","connection":"keep-alive","content-length":"53","cookie":"refreshToken=eyJhbGciOiJIUzI1NiIsInR5cCI6IkpXVCJ9.eyJ1c2VyX25hbWUiOiJEcm9jaGlsYTIyOCIsImVtYWlsIjoiZXhhbXBsZTJAeWFuZGV4LmZyIiwiaWQiOjcsImlhdCI6MTcwMDkxMjQyNiwiZXhwIjoxNzAzNTA0NDI2fQ.M5y2hJdO3Pl_QkQTcy6uWZEaMv-R1xHu9ZRuKGwFiUQ"},"remoteAddress":"::1","remotePort":55329},"res":{"statusCode":400,"headers":{"x-powered-by":"Express","content-security-policy":"default-src 'none'","x-content-type-options":"nosniff","content-type":"text/html; charset=utf-8","content-length":1187}},"responseTime":28,"msg":"request completed"}
{"level":30,"time":1700929974885,"pid":30364,"hostname":"DESKTOP-G2AKT0K","req":{"id":2,"method":"POST","url":"/api/todos","query":{},"params":{},"headers":{"authorization":"Bearer yJhbGciOiJIUzI1NiIsInR5cCI6IkpXVCJ9.eyJ1c2VyX25hbWUiOiJEcm9jaGlsYTIyOCIsImVtYWlsIjoiZXhhbXBsZTJAeWFuZGV4LmZyIiwiaWQiOjcsImlhdCI6MTcwMDkxMjQyNiwiZXhwIjoxNzAwOTE0MjI2fQ.S4ugxKbIxhcex8S1iKe8IIvsyGP03TyXXvd7xFss8xw","content-type":"application/json","user-agent":"PostmanRuntime/7.29.2","accept":"*/*","postman-token":"e4fea5a9-ea44-4366-a3b7-08bd363f285e","host":"localhost:8080","accept-encoding":"gzip, deflate, br","connection":"keep-alive","content-length":"52","cookie":"refreshToken=eyJhbGciOiJIUzI1NiIsInR5cCI6IkpXVCJ9.eyJ1c2VyX25hbWUiOiJEcm9jaGlsYTIyOCIsImVtYWlsIjoiZXhhbXBsZTJAeWFuZGV4LmZyIiwiaWQiOjcsImlhdCI6MTcwMDkxMjQyNiwiZXhwIjoxNzAzNTA0NDI2fQ.M5y2hJdO3Pl_QkQTcy6uWZEaMv-R1xHu9ZRuKGwFiUQ"},"remoteAddress":"::1","remotePort":62171},"res":{"statusCode":200,"headers":{"x-powered-by":"Express","access-control-allow-origin":"*","content-type":"application/json; charset=utf-8","content-length":"2","etag":"W/\"2-vyGp6PvFo4RvsFtPoIWeCReyIC8\"","cache-control":"max-age=300"}},"responseTime":8,"msg":"request completed"}
{"level":30,"time":1700930034457,"pid":30364,"hostname":"DESKTOP-G2AKT0K","req":{"id":3,"method":"GET","url":"/api/todos","query":{},"params":{},"headers":{"host":"localhost:8080","connection":"keep-alive","cache-control":"max-age=0","sec-ch-ua":"\"Google Chrome\";v=\"119\", \"Chromium\";v=\"119\", \"Not?A_Brand\";v=\"24\"","sec-ch-ua-mobile":"?0","sec-ch-ua-platform":"\"Windows\"","upgrade-insecure-requests":"1","user-agent":"Mozilla/5.0 (Windows NT 10.0; Win64; x64) AppleWebKit/537.36 (KHTML, like Gecko) Chrome/119.0.0.0 Safari/537.36","accept":"text/html,application/xhtml+xml,application/xml;q=0.9,image/avif,image/webp,image/apng,*/*;q=0.8,application/signed-exchange;v=b3;q=0.7","sec-fetch-site":"none","sec-fetch-mode":"navigate","sec-fetch-user":"?1","sec-fetch-dest":"document","accept-encoding":"gzip, deflate, br","accept-language":"ru-RU,ru;q=0.9,en-US;q=0.8,en;q=0.7","cookie":"csrftoken=WtW8uJBsqvelg03XHaN7JVlvah5OUtW3","if-none-match":"W/\"f-vqLJ1/0EApLgQkk4rzn31jNOjYo\""},"remoteAddress":"::1","remotePort":57984},"res":{"statusCode":200,"headers":{"x-powered-by":"Express","access-control-allow-origin":"*","content-type":"application/json; charset=utf-8","content-length":"2","etag":"W/\"2-vyGp6PvFo4RvsFtPoIWeCReyIC8\"","cache-control":"max-age=240","apicache-store":"memory","apicache-version":"1.6.3"}},"responseTime":1,"msg":"request completed"}
{"level":30,"time":1700930114963,"pid":10656,"hostname":"DESKTOP-G2AKT0K","msg":"Server started on port 8080"}
{"level":30,"time":1700930115084,"pid":10656,"hostname":"DESKTOP-G2AKT0K","msg":"Connection to the database was successful!"}
{"level":30,"time":1700930122621,"pid":32700,"hostname":"DESKTOP-G2AKT0K","msg":"Server started on port 8080"}
{"level":30,"time":1700930122743,"pid":32700,"hostname":"DESKTOP-G2AKT0K","msg":"Connection to the database was successful!"}
{"level":30,"time":1700930237973,"pid":31340,"hostname":"DESKTOP-G2AKT0K","msg":"Server started on port 8080"}
{"level":30,"time":1700930238210,"pid":31340,"hostname":"DESKTOP-G2AKT0K","msg":"Connection to the database was successful!"}
{"level":30,"time":1700930254500,"pid":29080,"hostname":"DESKTOP-G2AKT0K","msg":"Server started on port 8080"}
{"level":30,"time":1700930254717,"pid":29080,"hostname":"DESKTOP-G2AKT0K","msg":"Connection to the database was successful!"}
{"level":30,"time":1700930373710,"pid":29376,"hostname":"DESKTOP-G2AKT0K","msg":"Server started on port 8080"}
{"level":30,"time":1700930374044,"pid":29376,"hostname":"DESKTOP-G2AKT0K","msg":"Connection to the database was successful!"}
{"level":30,"time":1700930622942,"pid":7836,"hostname":"DESKTOP-G2AKT0K","msg":"Server started on port 8080"}
{"level":30,"time":1700930623082,"pid":7836,"hostname":"DESKTOP-G2AKT0K","msg":"Connection to the database was successful!"}
{"level":30,"time":1700930651853,"pid":14252,"hostname":"DESKTOP-G2AKT0K","msg":"Server started on port 8080"}
{"level":30,"time":1700930652031,"pid":14252,"hostname":"DESKTOP-G2AKT0K","msg":"Connection to the database was successful!"}
{"level":30,"time":1700930670731,"pid":31180,"hostname":"DESKTOP-G2AKT0K","msg":"Server started on port 8080"}
{"level":30,"time":1700930670852,"pid":31180,"hostname":"DESKTOP-G2AKT0K","msg":"Connection to the database was successful!"}
{"level":30,"time":1700930694214,"pid":27380,"hostname":"DESKTOP-G2AKT0K","msg":"Server started on port 8080"}
{"level":30,"time":1700930694325,"pid":27380,"hostname":"DESKTOP-G2AKT0K","msg":"Connection to the database was successful!"}
{"level":30,"time":1700930713072,"pid":29264,"hostname":"DESKTOP-G2AKT0K","msg":"Server started on port 8080"}
{"level":30,"time":1700930713295,"pid":29264,"hostname":"DESKTOP-G2AKT0K","msg":"Connection to the database was successful!"}
{"level":30,"time":1700930741591,"pid":28496,"hostname":"DESKTOP-G2AKT0K","msg":"Server started on port 8080"}
{"level":30,"time":1700930741772,"pid":28496,"hostname":"DESKTOP-G2AKT0K","msg":"Connection to the database was successful!"}
{"level":30,"time":1700930791163,"pid":30052,"hostname":"DESKTOP-G2AKT0K","msg":"Server started on port 8080"}
{"level":30,"time":1700930791384,"pid":30052,"hostname":"DESKTOP-G2AKT0K","msg":"Connection to the database was successful!"}
{"level":30,"time":1700930817924,"pid":12124,"hostname":"DESKTOP-G2AKT0K","msg":"Server started on port 8080"}
{"level":30,"time":1700930818136,"pid":12124,"hostname":"DESKTOP-G2AKT0K","msg":"Connection to the database was successful!"}
{"level":30,"time":1700931236806,"pid":24200,"hostname":"DESKTOP-G2AKT0K","msg":"Server started on port 8080"}
{"level":30,"time":1700931237087,"pid":24200,"hostname":"DESKTOP-G2AKT0K","msg":"Connection to the database was successful!"}
{"level":30,"time":1700931423282,"pid":18064,"hostname":"DESKTOP-G2AKT0K","msg":"Server started on port 8080"}
{"level":30,"time":1700931423404,"pid":18064,"hostname":"DESKTOP-G2AKT0K","msg":"Connection to the database was successful!"}
{"level":30,"time":1700931487344,"pid":27100,"hostname":"DESKTOP-G2AKT0K","msg":"Server started on port 8080"}
{"level":30,"time":1700931487492,"pid":27100,"hostname":"DESKTOP-G2AKT0K","msg":"Connection to the database was successful!"}
{"level":30,"time":1700931561692,"pid":23832,"hostname":"DESKTOP-G2AKT0K","msg":"Server started on port 8080"}
{"level":30,"time":1700931561818,"pid":23832,"hostname":"DESKTOP-G2AKT0K","msg":"Connection to the database was successful!"}
{"level":30,"time":1700931715552,"pid":32096,"hostname":"DESKTOP-G2AKT0K","msg":"Server started on port 8080"}
{"level":30,"time":1700931715778,"pid":32096,"hostname":"DESKTOP-G2AKT0K","msg":"Connection to the database was successful!"}
{"level":30,"time":1700931808339,"pid":31336,"hostname":"DESKTOP-G2AKT0K","msg":"Server started on port 8080"}
{"level":30,"time":1700931808461,"pid":31336,"hostname":"DESKTOP-G2AKT0K","msg":"Connection to the database was successful!"}
{"level":30,"time":1700931864720,"pid":29724,"hostname":"DESKTOP-G2AKT0K","msg":"Server started on port 8080"}
{"level":30,"time":1700931864849,"pid":29724,"hostname":"DESKTOP-G2AKT0K","msg":"Connection to the database was successful!"}
{"level":30,"time":1700931920834,"pid":30836,"hostname":"DESKTOP-G2AKT0K","msg":"Server started on port 8080"}
{"level":30,"time":1700931921175,"pid":30836,"hostname":"DESKTOP-G2AKT0K","msg":"Connection to the database was successful!"}
{"level":30,"time":1700932053739,"pid":31748,"hostname":"DESKTOP-G2AKT0K","msg":"Server started on port 8080"}
{"level":30,"time":1700932053960,"pid":31748,"hostname":"DESKTOP-G2AKT0K","msg":"Connection to the database was successful!"}
{"level":30,"time":1700932056536,"pid":24580,"hostname":"DESKTOP-G2AKT0K","msg":"Server started on port 8080"}
{"level":30,"time":1700932056657,"pid":24580,"hostname":"DESKTOP-G2AKT0K","msg":"Connection to the database was successful!"}
{"level":30,"time":1700932109531,"pid":22416,"hostname":"DESKTOP-G2AKT0K","msg":"Server started on port 8080"}
{"level":30,"time":1700932109656,"pid":22416,"hostname":"DESKTOP-G2AKT0K","msg":"Connection to the database was successful!"}
{"level":30,"time":1700932146151,"pid":29428,"hostname":"DESKTOP-G2AKT0K","msg":"Server started on port 8080"}
{"level":30,"time":1700932146272,"pid":29428,"hostname":"DESKTOP-G2AKT0K","msg":"Connection to the database was successful!"}
{"level":30,"time":1700932199932,"pid":33288,"hostname":"DESKTOP-G2AKT0K","msg":"Server started on port 8080"}
{"level":30,"time":1700932200064,"pid":33288,"hostname":"DESKTOP-G2AKT0K","msg":"Connection to the database was successful!"}
{"level":30,"time":1700932209272,"pid":25880,"hostname":"DESKTOP-G2AKT0K","msg":"Server started on port 8080"}
{"level":30,"time":1700932209392,"pid":25880,"hostname":"DESKTOP-G2AKT0K","msg":"Connection to the database was successful!"}
{"level":30,"time":1700932223786,"pid":32400,"hostname":"DESKTOP-G2AKT0K","msg":"Server started on port 8080"}
{"level":30,"time":1700932223994,"pid":32400,"hostname":"DESKTOP-G2AKT0K","msg":"Connection to the database was successful!"}
{"level":30,"time":1700932400964,"pid":29076,"hostname":"DESKTOP-G2AKT0K","msg":"Server started on port 8080"}
{"level":30,"time":1700932401098,"pid":29076,"hostname":"DESKTOP-G2AKT0K","msg":"Connection to the database was successful!"}
{"level":30,"time":1700932514683,"pid":30984,"hostname":"DESKTOP-G2AKT0K","msg":"Server started on port 8080"}
{"level":30,"time":1700932514805,"pid":30984,"hostname":"DESKTOP-G2AKT0K","msg":"Connection to the database was successful!"}
{"level":30,"time":1700932540481,"pid":7952,"hostname":"DESKTOP-G2AKT0K","msg":"Server started on port 8080"}
{"level":30,"time":1700932540599,"pid":7952,"hostname":"DESKTOP-G2AKT0K","msg":"Connection to the database was successful!"}
{"level":30,"time":1700932635198,"pid":31244,"hostname":"DESKTOP-G2AKT0K","msg":"Server started on port 8080"}
{"level":30,"time":1700932635319,"pid":31244,"hostname":"DESKTOP-G2AKT0K","msg":"Connection to the database was successful!"}
{"level":30,"time":1700932675265,"pid":23452,"hostname":"DESKTOP-G2AKT0K","msg":"Server started on port 8080"}
{"level":30,"time":1700932675482,"pid":23452,"hostname":"DESKTOP-G2AKT0K","msg":"Connection to the database was successful!"}
{"level":30,"time":1700932736679,"pid":5232,"hostname":"DESKTOP-G2AKT0K","msg":"Server started on port 8080"}
{"level":30,"time":1700932736803,"pid":5232,"hostname":"DESKTOP-G2AKT0K","msg":"Connection to the database was successful!"}
{"level":30,"time":1700932792848,"pid":11552,"hostname":"DESKTOP-G2AKT0K","msg":"Server started on port 8080"}
{"level":30,"time":1700932793184,"pid":11552,"hostname":"DESKTOP-G2AKT0K","msg":"Connection to the database was successful!"}
{"level":30,"time":1700932813624,"pid":30640,"hostname":"DESKTOP-G2AKT0K","msg":"Server started on port 8080"}
{"level":30,"time":1700932813753,"pid":30640,"hostname":"DESKTOP-G2AKT0K","msg":"Connection to the database was successful!"}
{"level":30,"time":1700932858306,"pid":25968,"hostname":"DESKTOP-G2AKT0K","msg":"Server started on port 8080"}
{"level":30,"time":1700932858531,"pid":25968,"hostname":"DESKTOP-G2AKT0K","msg":"Connection to the database was successful!"}
{"level":30,"time":1700933153092,"pid":29100,"hostname":"DESKTOP-G2AKT0K","msg":"Server started on port 8080"}
{"level":30,"time":1700933153226,"pid":29100,"hostname":"DESKTOP-G2AKT0K","msg":"Connection to the database was successful!"}
{"level":30,"time":1700933192880,"pid":23584,"hostname":"DESKTOP-G2AKT0K","msg":"Server started on port 8080"}
{"level":30,"time":1700933193095,"pid":23584,"hostname":"DESKTOP-G2AKT0K","msg":"Connection to the database was successful!"}
{"level":30,"time":1700933383889,"pid":31684,"hostname":"DESKTOP-G2AKT0K","msg":"Server started on port 8080"}
{"level":30,"time":1700933384003,"pid":31684,"hostname":"DESKTOP-G2AKT0K","msg":"Connection to the database was successful!"}
{"level":30,"time":1700933487090,"pid":12184,"hostname":"DESKTOP-G2AKT0K","msg":"Server started on port 8080"}
{"level":30,"time":1700933487388,"pid":12184,"hostname":"DESKTOP-G2AKT0K","msg":"Connection to the database was successful!"}
{"level":30,"time":1700933575913,"pid":23744,"hostname":"DESKTOP-G2AKT0K","msg":"Server started on port 8080"}
{"level":30,"time":1700933576038,"pid":23744,"hostname":"DESKTOP-G2AKT0K","msg":"Connection to the database was successful!"}
{"level":30,"time":1700933651146,"pid":19988,"hostname":"DESKTOP-G2AKT0K","msg":"Server started on port 8080"}
{"level":30,"time":1700933651264,"pid":19988,"hostname":"DESKTOP-G2AKT0K","msg":"Connection to the database was successful!"}
{"level":30,"time":1700934012820,"pid":27916,"hostname":"DESKTOP-G2AKT0K","msg":"Server started on port 8080"}
{"level":30,"time":1700934012936,"pid":27916,"hostname":"DESKTOP-G2AKT0K","msg":"Connection to the database was successful!"}
{"level":30,"time":1700934047903,"pid":26484,"hostname":"DESKTOP-G2AKT0K","msg":"Server started on port 8080"}
{"level":30,"time":1700934048023,"pid":26484,"hostname":"DESKTOP-G2AKT0K","msg":"Connection to the database was successful!"}
{"level":30,"time":1700934184092,"pid":20176,"hostname":"DESKTOP-G2AKT0K","msg":"Server started on port 8080"}
{"level":30,"time":1700934184222,"pid":20176,"hostname":"DESKTOP-G2AKT0K","msg":"Connection to the database was successful!"}
{"level":30,"time":1700934466665,"pid":17944,"hostname":"DESKTOP-G2AKT0K","msg":"Server started on port 8080"}
{"level":30,"time":1700934466883,"pid":17944,"hostname":"DESKTOP-G2AKT0K","msg":"Connection to the database was successful!"}
{"level":30,"time":1700934572100,"pid":26772,"hostname":"DESKTOP-G2AKT0K","msg":"Server started on port 8080"}
{"level":30,"time":1700934572319,"pid":26772,"hostname":"DESKTOP-G2AKT0K","msg":"Connection to the database was successful!"}
{"level":30,"time":1700934718656,"pid":22408,"hostname":"DESKTOP-G2AKT0K","msg":"Server started on port 8080"}
{"level":30,"time":1700934718804,"pid":22408,"hostname":"DESKTOP-G2AKT0K","msg":"Connection to the database was successful!"}
{"level":30,"time":1700935428419,"pid":26244,"hostname":"DESKTOP-G2AKT0K","msg":"Server started on port 8080"}
{"level":30,"time":1700935428559,"pid":26244,"hostname":"DESKTOP-G2AKT0K","msg":"Connection to the database was successful!"}
{"level":30,"time":1700935447255,"pid":14208,"hostname":"DESKTOP-G2AKT0K","msg":"Server started on port 8080"}
{"level":30,"time":1700935447463,"pid":14208,"hostname":"DESKTOP-G2AKT0K","msg":"Connection to the database was successful!"}
{"level":30,"time":1700935522942,"pid":30980,"hostname":"DESKTOP-G2AKT0K","msg":"Server started on port 8080"}
{"level":30,"time":1700935523165,"pid":30980,"hostname":"DESKTOP-G2AKT0K","msg":"Connection to the database was successful!"}
{"level":30,"time":1700935982884,"pid":33352,"hostname":"DESKTOP-G2AKT0K","msg":"Server started on port 8080"}
{"level":30,"time":1700935983025,"pid":33352,"hostname":"DESKTOP-G2AKT0K","msg":"Connection to the database was successful!"}
{"level":30,"time":1700936026372,"pid":31996,"hostname":"DESKTOP-G2AKT0K","msg":"Server started on port 8080"}
{"level":30,"time":1700936026508,"pid":31996,"hostname":"DESKTOP-G2AKT0K","msg":"Connection to the database was successful!"}
{"level":30,"time":1700936028246,"pid":14400,"hostname":"DESKTOP-G2AKT0K","msg":"Server started on port 8080"}
{"level":30,"time":1700936028469,"pid":14400,"hostname":"DESKTOP-G2AKT0K","msg":"Connection to the database was successful!"}
{"level":30,"time":1700936046324,"pid":29560,"hostname":"DESKTOP-G2AKT0K","msg":"Server started on port 8080"}
{"level":30,"time":1700936046449,"pid":29560,"hostname":"DESKTOP-G2AKT0K","msg":"Connection to the database was successful!"}
{"level":30,"time":1700936328066,"pid":28744,"hostname":"DESKTOP-G2AKT0K","msg":"Server started on port 8080"}
{"level":30,"time":1700936328182,"pid":28744,"hostname":"DESKTOP-G2AKT0K","msg":"Connection to the database was successful!"}
{"level":50,"time":1700936360975,"pid":28744,"hostname":"DESKTOP-G2AKT0K","err":{"type":"Error","message":"Невозможно найти задание!","stack":"Error: Невозможно найти задание!\n    at flagTodo (C:\\Users\\kiril\\Desktop\\porjects\\fullstack_3_(ORM)\\server\\controllers\\todos.controller.js:67:23)\n    at process.processTicksAndRejections (node:internal/process/task_queues:95:5)"},"msg":"Невозможно найти задание!"}
{"level":30,"time":1700936505254,"pid":32400,"hostname":"DESKTOP-G2AKT0K","msg":"Server started on port 8080"}
{"level":30,"time":1700936505386,"pid":32400,"hostname":"DESKTOP-G2AKT0K","msg":"Connection to the database was successful!"}
{"level":30,"time":1700936530679,"pid":31324,"hostname":"DESKTOP-G2AKT0K","msg":"Server started on port 8080"}
{"level":30,"time":1700936530802,"pid":31324,"hostname":"DESKTOP-G2AKT0K","msg":"Connection to the database was successful!"}
{"level":30,"time":1700936813353,"pid":12840,"hostname":"DESKTOP-G2AKT0K","msg":"Server started on port 8080"}
{"level":30,"time":1700936813481,"pid":12840,"hostname":"DESKTOP-G2AKT0K","msg":"Connection to the database was successful!"}
{"level":30,"time":1700936836954,"pid":10580,"hostname":"DESKTOP-G2AKT0K","msg":"Server started on port 8080"}
{"level":30,"time":1700936837067,"pid":10580,"hostname":"DESKTOP-G2AKT0K","msg":"Connection to the database was successful!"}
{"level":30,"time":1700936855387,"pid":27712,"hostname":"DESKTOP-G2AKT0K","msg":"Server started on port 8080"}
{"level":30,"time":1700936855507,"pid":27712,"hostname":"DESKTOP-G2AKT0K","msg":"Connection to the database was successful!"}
{"level":30,"time":1700936864961,"pid":27712,"hostname":"DESKTOP-G2AKT0K","req":{"id":1,"method":"GET","url":"/api/todos","query":{},"params":{},"headers":{"user-agent":"PostmanRuntime/7.29.2","accept":"*/*","postman-token":"dc4698c9-8af2-4c07-ab14-f0fed2c02d1a","host":"localhost:8080","accept-encoding":"gzip, deflate, br","connection":"keep-alive","cookie":"refreshToken=eyJhbGciOiJIUzI1NiIsInR5cCI6IkpXVCJ9.eyJ1c2VyX25hbWUiOiJEcm9jaGlsYTIyOCIsImVtYWlsIjoiZXhhbXBsZTJAeWFuZGV4LmZyIiwiaWQiOjcsImlhdCI6MTcwMDkxMjQyNiwiZXhwIjoxNzAzNTA0NDI2fQ.M5y2hJdO3Pl_QkQTcy6uWZEaMv-R1xHu9ZRuKGwFiUQ"},"remoteAddress":"::1","remotePort":54385},"res":{"statusCode":200,"headers":{"x-powered-by":"Express","access-control-allow-origin":"*","content-type":"application/json; charset=utf-8","content-length":"1958","etag":"W/\"7a6-5LcaI1vMcL/P5rmk3DRx7UhLstk\""}},"responseTime":13,"msg":"request completed"}
{"level":30,"time":1700936956257,"pid":27712,"hostname":"DESKTOP-G2AKT0K","req":{"id":2,"method":"GET","url":"/api/todos/2","query":{},"params":{},"headers":{"user-agent":"PostmanRuntime/7.29.2","accept":"*/*","postman-token":"9880c735-a33c-4288-a265-f607cb13c2bd","host":"localhost:8080","accept-encoding":"gzip, deflate, br","connection":"keep-alive","cookie":"refreshToken=eyJhbGciOiJIUzI1NiIsInR5cCI6IkpXVCJ9.eyJ1c2VyX25hbWUiOiJEcm9jaGlsYTIyOCIsImVtYWlsIjoiZXhhbXBsZTJAeWFuZGV4LmZyIiwiaWQiOjcsImlhdCI6MTcwMDkxMjQyNiwiZXhwIjoxNzAzNTA0NDI2fQ.M5y2hJdO3Pl_QkQTcy6uWZEaMv-R1xHu9ZRuKGwFiUQ"},"remoteAddress":"::1","remotePort":55504},"res":{"statusCode":200,"headers":{"x-powered-by":"Express","access-control-allow-origin":"*","content-type":"application/json; charset=utf-8","content-length":"150","etag":"W/\"96-+aUA2ts0/72S472uzsBqWaxLUUk\""}},"responseTime":152,"msg":"request completed"}
{"level":30,"time":1700936962848,"pid":27712,"hostname":"DESKTOP-G2AKT0K","req":{"id":3,"method":"GET","url":"/api/todos/20","query":{},"params":{},"headers":{"user-agent":"PostmanRuntime/7.29.2","accept":"*/*","postman-token":"0f11f99e-74ed-4120-84dc-35c9fb2eca27","host":"localhost:8080","accept-encoding":"gzip, deflate, br","connection":"keep-alive","cookie":"refreshToken=eyJhbGciOiJIUzI1NiIsInR5cCI6IkpXVCJ9.eyJ1c2VyX25hbWUiOiJEcm9jaGlsYTIyOCIsImVtYWlsIjoiZXhhbXBsZTJAeWFuZGV4LmZyIiwiaWQiOjcsImlhdCI6MTcwMDkxMjQyNiwiZXhwIjoxNzAzNTA0NDI2fQ.M5y2hJdO3Pl_QkQTcy6uWZEaMv-R1xHu9ZRuKGwFiUQ"},"remoteAddress":"::1","remotePort":55512},"res":{"statusCode":200,"headers":{"x-powered-by":"Express","access-control-allow-origin":"*","content-type":"application/json; charset=utf-8","content-length":"2","etag":"W/\"2-vyGp6PvFo4RvsFtPoIWeCReyIC8\""}},"responseTime":4,"msg":"request completed"}
{"level":30,"time":1700936998074,"pid":27712,"hostname":"DESKTOP-G2AKT0K","req":{"id":4,"method":"GET","url":"/api/todos/21","query":{},"params":{},"headers":{"user-agent":"PostmanRuntime/7.29.2","accept":"*/*","postman-token":"10b05fd9-a8e6-470f-ab18-6ab821c7c30d","host":"localhost:8080","accept-encoding":"gzip, deflate, br","connection":"keep-alive","cookie":"refreshToken=eyJhbGciOiJIUzI1NiIsInR5cCI6IkpXVCJ9.eyJ1c2VyX25hbWUiOiJEcm9jaGlsYTIyOCIsImVtYWlsIjoiZXhhbXBsZTJAeWFuZGV4LmZyIiwiaWQiOjcsImlhdCI6MTcwMDkxMjQyNiwiZXhwIjoxNzAzNTA0NDI2fQ.M5y2hJdO3Pl_QkQTcy6uWZEaMv-R1xHu9ZRuKGwFiUQ"},"remoteAddress":"::1","remotePort":56210},"res":{"statusCode":200,"headers":{"x-powered-by":"Express","access-control-allow-origin":"*","content-type":"application/json; charset=utf-8","content-length":"2","etag":"W/\"2-vyGp6PvFo4RvsFtPoIWeCReyIC8\""}},"responseTime":49,"msg":"request completed"}
{"level":30,"time":1700937134457,"pid":852,"hostname":"DESKTOP-G2AKT0K","msg":"Server started on port 8080"}
{"level":30,"time":1700937134598,"pid":852,"hostname":"DESKTOP-G2AKT0K","msg":"Connection to the database was successful!"}
{"level":30,"time":1700937137923,"pid":852,"hostname":"DESKTOP-G2AKT0K","req":{"id":1,"method":"GET","url":"/api/todos/21","query":{},"params":{},"headers":{"user-agent":"PostmanRuntime/7.29.2","accept":"*/*","postman-token":"18a51b4b-24b7-440d-9a75-7018c75523a8","host":"localhost:8080","accept-encoding":"gzip, deflate, br","connection":"keep-alive","cookie":"refreshToken=eyJhbGciOiJIUzI1NiIsInR5cCI6IkpXVCJ9.eyJ1c2VyX25hbWUiOiJEcm9jaGlsYTIyOCIsImVtYWlsIjoiZXhhbXBsZTJAeWFuZGV4LmZyIiwiaWQiOjcsImlhdCI6MTcwMDkxMjQyNiwiZXhwIjoxNzAzNTA0NDI2fQ.M5y2hJdO3Pl_QkQTcy6uWZEaMv-R1xHu9ZRuKGwFiUQ"},"remoteAddress":"::1","remotePort":57919},"res":{"statusCode":200,"headers":{"x-powered-by":"Express","access-control-allow-origin":"*","content-type":"application/json; charset=utf-8","content-length":"2","etag":"W/\"2-vyGp6PvFo4RvsFtPoIWeCReyIC8\""}},"responseTime":14,"msg":"request completed"}
{"level":30,"time":1700937190077,"pid":11440,"hostname":"DESKTOP-G2AKT0K","msg":"Server started on port 8080"}
{"level":30,"time":1700937190198,"pid":11440,"hostname":"DESKTOP-G2AKT0K","msg":"Connection to the database was successful!"}
{"level":30,"time":1700937194685,"pid":11440,"hostname":"DESKTOP-G2AKT0K","req":{"id":1,"method":"GET","url":"/api/todos/21","query":{},"params":{},"headers":{"user-agent":"PostmanRuntime/7.29.2","accept":"*/*","postman-token":"3bf990dd-c32e-4b59-8259-5ebbf7056894","host":"localhost:8080","accept-encoding":"gzip, deflate, br","connection":"keep-alive","cookie":"refreshToken=eyJhbGciOiJIUzI1NiIsInR5cCI6IkpXVCJ9.eyJ1c2VyX25hbWUiOiJEcm9jaGlsYTIyOCIsImVtYWlsIjoiZXhhbXBsZTJAeWFuZGV4LmZyIiwiaWQiOjcsImlhdCI6MTcwMDkxMjQyNiwiZXhwIjoxNzAzNTA0NDI2fQ.M5y2hJdO3Pl_QkQTcy6uWZEaMv-R1xHu9ZRuKGwFiUQ"},"remoteAddress":"::1","remotePort":58226},"res":{"statusCode":200,"headers":{"x-powered-by":"Express","access-control-allow-origin":"*","content-type":"application/json; charset=utf-8","content-length":"2","etag":"W/\"2-vyGp6PvFo4RvsFtPoIWeCReyIC8\""}},"responseTime":18,"msg":"request completed"}
{"level":30,"time":1700937221755,"pid":27356,"hostname":"DESKTOP-G2AKT0K","msg":"Server started on port 8080"}
{"level":30,"time":1700937221988,"pid":27356,"hostname":"DESKTOP-G2AKT0K","msg":"Connection to the database was successful!"}
{"level":30,"time":1700937223155,"pid":27356,"hostname":"DESKTOP-G2AKT0K","req":{"id":1,"method":"GET","url":"/api/todos/21","query":{},"params":{},"headers":{"user-agent":"PostmanRuntime/7.29.2","accept":"*/*","postman-token":"38a1d63a-fd5b-4e25-8946-de927929f70f","host":"localhost:8080","accept-encoding":"gzip, deflate, br","connection":"keep-alive","cookie":"refreshToken=eyJhbGciOiJIUzI1NiIsInR5cCI6IkpXVCJ9.eyJ1c2VyX25hbWUiOiJEcm9jaGlsYTIyOCIsImVtYWlsIjoiZXhhbXBsZTJAeWFuZGV4LmZyIiwiaWQiOjcsImlhdCI6MTcwMDkxMjQyNiwiZXhwIjoxNzAzNTA0NDI2fQ.M5y2hJdO3Pl_QkQTcy6uWZEaMv-R1xHu9ZRuKGwFiUQ"},"remoteAddress":"::1","remotePort":51090},"res":{"statusCode":200,"headers":{"x-powered-by":"Express","access-control-allow-origin":"*","content-type":"application/json; charset=utf-8","content-length":"2","etag":"W/\"2-vyGp6PvFo4RvsFtPoIWeCReyIC8\""}},"responseTime":14,"msg":"request completed"}
{"level":30,"time":1700937270873,"pid":31520,"hostname":"DESKTOP-G2AKT0K","msg":"Server started on port 8080"}
{"level":30,"time":1700937271021,"pid":31520,"hostname":"DESKTOP-G2AKT0K","msg":"Connection to the database was successful!"}
{"level":30,"time":1700937272293,"pid":31520,"hostname":"DESKTOP-G2AKT0K","req":{"id":1,"method":"GET","url":"/api/todos/21","query":{},"params":{},"headers":{"user-agent":"PostmanRuntime/7.29.2","accept":"*/*","postman-token":"d582d21c-44f5-4949-b072-01ad08e6402c","host":"localhost:8080","accept-encoding":"gzip, deflate, br","connection":"keep-alive","cookie":"refreshToken=eyJhbGciOiJIUzI1NiIsInR5cCI6IkpXVCJ9.eyJ1c2VyX25hbWUiOiJEcm9jaGlsYTIyOCIsImVtYWlsIjoiZXhhbXBsZTJAeWFuZGV4LmZyIiwiaWQiOjcsImlhdCI6MTcwMDkxMjQyNiwiZXhwIjoxNzAzNTA0NDI2fQ.M5y2hJdO3Pl_QkQTcy6uWZEaMv-R1xHu9ZRuKGwFiUQ"},"remoteAddress":"::1","remotePort":51148},"res":{"statusCode":200,"headers":{"x-powered-by":"Express","access-control-allow-origin":"*","content-type":"application/json; charset=utf-8","content-length":"2","etag":"W/\"2-vyGp6PvFo4RvsFtPoIWeCReyIC8\""}},"responseTime":14,"msg":"request completed"}
{"level":30,"time":1700937334522,"pid":29928,"hostname":"DESKTOP-G2AKT0K","msg":"Server started on port 8080"}
{"level":30,"time":1700937334810,"pid":29928,"hostname":"DESKTOP-G2AKT0K","msg":"Connection to the database was successful!"}
{"level":50,"time":1700937337156,"pid":29928,"hostname":"DESKTOP-G2AKT0K","err":{"type":"Error","message":"Error: Такого задания не существует!","stack":"Error: Error: Такого задания не существует!\n    at TodosService.getTodo (C:\\Users\\kiril\\Desktop\\porjects\\fullstack_3_(ORM)\\server\\services\\todos.service.js:39:19)\n    at process.processTicksAndRejections (node:internal/process/task_queues:95:5)\n    at async getTodo (C:\\Users\\kiril\\Desktop\\porjects\\fullstack_3_(ORM)\\server\\controllers\\todos.controller.js:36:26)"},"msg":"Error: Такого задания не существует!"}
{"level":30,"time":1700937337157,"pid":29928,"hostname":"DESKTOP-G2AKT0K","req":{"id":1,"method":"GET","url":"/api/todos/21","query":{},"params":{},"headers":{"user-agent":"PostmanRuntime/7.29.2","accept":"*/*","postman-token":"fbffaac4-9bba-45e6-bec3-b867f501c4ce","host":"localhost:8080","accept-encoding":"gzip, deflate, br","connection":"keep-alive","cookie":"refreshToken=eyJhbGciOiJIUzI1NiIsInR5cCI6IkpXVCJ9.eyJ1c2VyX25hbWUiOiJEcm9jaGlsYTIyOCIsImVtYWlsIjoiZXhhbXBsZTJAeWFuZGV4LmZyIiwiaWQiOjcsImlhdCI6MTcwMDkxMjQyNiwiZXhwIjoxNzAzNTA0NDI2fQ.M5y2hJdO3Pl_QkQTcy6uWZEaMv-R1xHu9ZRuKGwFiUQ"},"remoteAddress":"::1","remotePort":52565},"res":{"statusCode":400,"headers":{"x-powered-by":"Express","access-control-allow-origin":"*","content-type":"application/json; charset=utf-8","content-length":"2","etag":"W/\"2-vyGp6PvFo4RvsFtPoIWeCReyIC8\""}},"responseTime":16,"msg":"request completed"}
{"level":30,"time":1700937425648,"pid":30080,"hostname":"DESKTOP-G2AKT0K","msg":"Server started on port 8080"}
{"level":30,"time":1700937425861,"pid":30080,"hostname":"DESKTOP-G2AKT0K","msg":"Connection to the database was successful!"}
{"level":50,"time":1700937444167,"pid":30080,"hostname":"DESKTOP-G2AKT0K","err":{"type":"Error","message":"Error: Такого задания не существует!","stack":"Error: Error: Такого задания не существует!\n    at TodosService.getTodo (C:\\Users\\kiril\\Desktop\\porjects\\fullstack_3_(ORM)\\server\\services\\todos.service.js:39:19)\n    at process.processTicksAndRejections (node:internal/process/task_queues:95:5)\n    at async getTodo (C:\\Users\\kiril\\Desktop\\porjects\\fullstack_3_(ORM)\\server\\controllers\\todos.controller.js:36:26)"},"msg":"Error: Такого задания не существует!"}
{"level":30,"time":1700937444168,"pid":30080,"hostname":"DESKTOP-G2AKT0K","req":{"id":1,"method":"GET","url":"/api/todos/21","query":{},"params":{},"headers":{"user-agent":"PostmanRuntime/7.29.2","accept":"*/*","postman-token":"500188d9-562e-457b-b65b-f7ecfb7c52bf","host":"localhost:8080","accept-encoding":"gzip, deflate, br","connection":"keep-alive","cookie":"refreshToken=eyJhbGciOiJIUzI1NiIsInR5cCI6IkpXVCJ9.eyJ1c2VyX25hbWUiOiJEcm9jaGlsYTIyOCIsImVtYWlsIjoiZXhhbXBsZTJAeWFuZGV4LmZyIiwiaWQiOjcsImlhdCI6MTcwMDkxMjQyNiwiZXhwIjoxNzAzNTA0NDI2fQ.M5y2hJdO3Pl_QkQTcy6uWZEaMv-R1xHu9ZRuKGwFiUQ"},"remoteAddress":"::1","remotePort":64256},"res":{"statusCode":400,"headers":{"x-powered-by":"Express","access-control-allow-origin":"*","content-type":"application/json; charset=utf-8","content-length":"2","etag":"W/\"2-vyGp6PvFo4RvsFtPoIWeCReyIC8\""}},"responseTime":57,"msg":"request completed"}
{"level":30,"time":1700937474745,"pid":23572,"hostname":"DESKTOP-G2AKT0K","msg":"Server started on port 8080"}
{"level":30,"time":1700937474863,"pid":23572,"hostname":"DESKTOP-G2AKT0K","msg":"Connection to the database was successful!"}
{"level":50,"time":1700937477400,"pid":23572,"hostname":"DESKTOP-G2AKT0K","err":{"type":"Error","message":"Error: Такого задания не существует!","stack":"Error: Error: Такого задания не существует!\n    at TodosService.getTodo (C:\\Users\\kiril\\Desktop\\porjects\\fullstack_3_(ORM)\\server\\services\\todos.service.js:39:19)\n    at process.processTicksAndRejections (node:internal/process/task_queues:95:5)\n    at async getTodo (C:\\Users\\kiril\\Desktop\\porjects\\fullstack_3_(ORM)\\server\\controllers\\todos.controller.js:36:26)"},"msg":"Error: Такого задания не существует!"}
{"level":30,"time":1700937477401,"pid":23572,"hostname":"DESKTOP-G2AKT0K","req":{"id":1,"method":"GET","url":"/api/todos/21","query":{},"params":{},"headers":{"user-agent":"PostmanRuntime/7.29.2","accept":"*/*","postman-token":"16900604-8bbe-4cc6-a821-33c146e1f017","host":"localhost:8080","accept-encoding":"gzip, deflate, br","connection":"keep-alive","cookie":"refreshToken=eyJhbGciOiJIUzI1NiIsInR5cCI6IkpXVCJ9.eyJ1c2VyX25hbWUiOiJEcm9jaGlsYTIyOCIsImVtYWlsIjoiZXhhbXBsZTJAeWFuZGV4LmZyIiwiaWQiOjcsImlhdCI6MTcwMDkxMjQyNiwiZXhwIjoxNzAzNTA0NDI2fQ.M5y2hJdO3Pl_QkQTcy6uWZEaMv-R1xHu9ZRuKGwFiUQ"},"remoteAddress":"::1","remotePort":63568},"res":{"statusCode":400,"headers":{"x-powered-by":"Express","access-control-allow-origin":"*","content-type":"application/json; charset=utf-8","content-length":"2","etag":"W/\"2-vyGp6PvFo4RvsFtPoIWeCReyIC8\""}},"responseTime":16,"msg":"request completed"}
{"level":30,"time":1700937658004,"pid":24024,"hostname":"DESKTOP-G2AKT0K","msg":"Server started on port 8080"}
{"level":30,"time":1700937658136,"pid":24024,"hostname":"DESKTOP-G2AKT0K","msg":"Connection to the database was successful!"}
{"level":50,"time":1700937659605,"pid":24024,"hostname":"DESKTOP-G2AKT0K","err":{"type":"Error","message":"Error: Такого задания не существует!","stack":"Error: Error: Такого задания не существует!\n    at TodosService.getTodo (C:\\Users\\kiril\\Desktop\\porjects\\fullstack_3_(ORM)\\server\\services\\todos.service.js:39:19)\n    at process.processTicksAndRejections (node:internal/process/task_queues:95:5)\n    at async getTodo (C:\\Users\\kiril\\Desktop\\porjects\\fullstack_3_(ORM)\\server\\controllers\\todos.controller.js:36:26)"},"msg":"Error: Такого задания не существует!"}
{"level":30,"time":1700937659607,"pid":24024,"hostname":"DESKTOP-G2AKT0K","req":{"id":1,"method":"GET","url":"/api/todos/21","query":{},"params":{},"headers":{"user-agent":"PostmanRuntime/7.29.2","accept":"*/*","postman-token":"fd433ac1-cce9-4c36-94c7-25a9dd089e29","host":"localhost:8080","accept-encoding":"gzip, deflate, br","connection":"keep-alive","cookie":"refreshToken=eyJhbGciOiJIUzI1NiIsInR5cCI6IkpXVCJ9.eyJ1c2VyX25hbWUiOiJEcm9jaGlsYTIyOCIsImVtYWlsIjoiZXhhbXBsZTJAeWFuZGV4LmZyIiwiaWQiOjcsImlhdCI6MTcwMDkxMjQyNiwiZXhwIjoxNzAzNTA0NDI2fQ.M5y2hJdO3Pl_QkQTcy6uWZEaMv-R1xHu9ZRuKGwFiUQ"},"remoteAddress":"::1","remotePort":53468},"res":{"statusCode":400,"headers":{"x-powered-by":"Express","access-control-allow-origin":"*","content-type":"application/json; charset=utf-8","content-length":"63","etag":"W/\"3f-KHcbkwIohgEh93aeqabJXz3TmAs\""}},"responseTime":14,"msg":"request completed"}
{"level":30,"time":1700937699350,"pid":29612,"hostname":"DESKTOP-G2AKT0K","msg":"Server started on port 8080"}
{"level":30,"time":1700937699598,"pid":29612,"hostname":"DESKTOP-G2AKT0K","msg":"Connection to the database was successful!"}
{"level":30,"time":1700937703131,"pid":29612,"hostname":"DESKTOP-G2AKT0K","req":{"id":1,"method":"GET","url":"/api/todos","query":{},"params":{},"headers":{"user-agent":"PostmanRuntime/7.29.2","accept":"*/*","postman-token":"f64feb5b-3e3d-4b5a-b68f-013c8a846775","host":"localhost:8080","accept-encoding":"gzip, deflate, br","connection":"keep-alive","cookie":"refreshToken=eyJhbGciOiJIUzI1NiIsInR5cCI6IkpXVCJ9.eyJ1c2VyX25hbWUiOiJEcm9jaGlsYTIyOCIsImVtYWlsIjoiZXhhbXBsZTJAeWFuZGV4LmZyIiwiaWQiOjcsImlhdCI6MTcwMDkxMjQyNiwiZXhwIjoxNzAzNTA0NDI2fQ.M5y2hJdO3Pl_QkQTcy6uWZEaMv-R1xHu9ZRuKGwFiUQ"},"remoteAddress":"::1","remotePort":61591},"res":{"statusCode":200,"headers":{"x-powered-by":"Express","access-control-allow-origin":"*","content-type":"application/json; charset=utf-8","content-length":"1958","etag":"W/\"7a6-5LcaI1vMcL/P5rmk3DRx7UhLstk\""}},"responseTime":13,"msg":"request completed"}
{"level":30,"time":1700937707692,"pid":29612,"hostname":"DESKTOP-G2AKT0K","req":{"id":2,"method":"GET","url":"/api/todos/5","query":{},"params":{},"headers":{"user-agent":"PostmanRuntime/7.29.2","accept":"*/*","postman-token":"91c2eb51-916a-497b-be99-6efadc47a5e5","host":"localhost:8080","accept-encoding":"gzip, deflate, br","connection":"keep-alive","cookie":"refreshToken=eyJhbGciOiJIUzI1NiIsInR5cCI6IkpXVCJ9.eyJ1c2VyX25hbWUiOiJEcm9jaGlsYTIyOCIsImVtYWlsIjoiZXhhbXBsZTJAeWFuZGV4LmZyIiwiaWQiOjcsImlhdCI6MTcwMDkxMjQyNiwiZXhwIjoxNzAzNTA0NDI2fQ.M5y2hJdO3Pl_QkQTcy6uWZEaMv-R1xHu9ZRuKGwFiUQ"},"remoteAddress":"::1","remotePort":61591},"res":{"statusCode":200,"headers":{"x-powered-by":"Express","access-control-allow-origin":"*","content-type":"application/json; charset=utf-8","content-length":"143","etag":"W/\"8f-U6J5WCvzy3fiQu8GFH25SANRI88\""}},"responseTime":6,"msg":"request completed"}
{"level":50,"time":1700937710689,"pid":29612,"hostname":"DESKTOP-G2AKT0K","err":{"type":"Error","message":"Error: Такого задания не существует!","stack":"Error: Error: Такого задания не существует!\n    at TodosService.getTodo (C:\\Users\\kiril\\Desktop\\porjects\\fullstack_3_(ORM)\\server\\services\\todos.service.js:39:19)\n    at process.processTicksAndRejections (node:internal/process/task_queues:95:5)\n    at async getTodo (C:\\Users\\kiril\\Desktop\\porjects\\fullstack_3_(ORM)\\server\\controllers\\todos.controller.js:36:26)"},"msg":"Error: Такого задания не существует!"}
{"level":30,"time":1700937710690,"pid":29612,"hostname":"DESKTOP-G2AKT0K","req":{"id":3,"method":"GET","url":"/api/todos/33","query":{},"params":{},"headers":{"user-agent":"PostmanRuntime/7.29.2","accept":"*/*","postman-token":"c0e7f28f-35c9-4c3f-b575-6eb704007ae2","host":"localhost:8080","accept-encoding":"gzip, deflate, br","connection":"keep-alive","cookie":"refreshToken=eyJhbGciOiJIUzI1NiIsInR5cCI6IkpXVCJ9.eyJ1c2VyX25hbWUiOiJEcm9jaGlsYTIyOCIsImVtYWlsIjoiZXhhbXBsZTJAeWFuZGV4LmZyIiwiaWQiOjcsImlhdCI6MTcwMDkxMjQyNiwiZXhwIjoxNzAzNTA0NDI2fQ.M5y2hJdO3Pl_QkQTcy6uWZEaMv-R1xHu9ZRuKGwFiUQ"},"remoteAddress":"::1","remotePort":61591},"res":{"statusCode":400,"headers":{"x-powered-by":"Express","access-control-allow-origin":"*","content-type":"application/json; charset=utf-8","content-length":"63","etag":"W/\"3f-KHcbkwIohgEh93aeqabJXz3TmAs\""}},"responseTime":3,"msg":"request completed"}
{"level":30,"time":1700937752373,"pid":29612,"hostname":"DESKTOP-G2AKT0K","req":{"id":4,"method":"POST","url":"/api/todos","query":{},"params":{},"headers":{"content-type":"application/json","user-agent":"PostmanRuntime/7.29.2","accept":"*/*","postman-token":"344be351-52d6-4935-87ce-98a01a26baad","host":"localhost:8080","accept-encoding":"gzip, deflate, br","connection":"keep-alive","content-length":"47","cookie":"refreshToken=eyJhbGciOiJIUzI1NiIsInR5cCI6IkpXVCJ9.eyJ1c2VyX25hbWUiOiJEcm9jaGlsYTIyOCIsImVtYWlsIjoiZXhhbXBsZTJAeWFuZGV4LmZyIiwiaWQiOjcsImlhdCI6MTcwMDkxMjQyNiwiZXhwIjoxNzAzNTA0NDI2fQ.M5y2hJdO3Pl_QkQTcy6uWZEaMv-R1xHu9ZRuKGwFiUQ"},"remoteAddress":"::1","remotePort":61632},"res":{"statusCode":201,"headers":{"x-powered-by":"Express","access-control-allow-origin":"*","content-type":"application/json; charset=utf-8","content-length":"144","etag":"W/\"90-ORU/jeraYHdN1Mx7chwLY7Ur178\""}},"responseTime":78,"msg":"request completed"}
{"level":30,"time":1700937802771,"pid":29612,"hostname":"DESKTOP-G2AKT0K","req":{"id":5,"method":"PUT","url":"/api/todos","query":{},"params":{},"headers":{"content-type":"application/json","user-agent":"PostmanRuntime/7.29.2","accept":"*/*","postman-token":"1b87aed7-ef07-4d81-9f81-572e78e60728","host":"localhost:8080","accept-encoding":"gzip, deflate, br","connection":"keep-alive","content-length":"67","cookie":"refreshToken=eyJhbGciOiJIUzI1NiIsInR5cCI6IkpXVCJ9.eyJ1c2VyX25hbWUiOiJEcm9jaGlsYTIyOCIsImVtYWlsIjoiZXhhbXBsZTJAeWFuZGV4LmZyIiwiaWQiOjcsImlhdCI6MTcwMDkxMjQyNiwiZXhwIjoxNzAzNTA0NDI2fQ.M5y2hJdO3Pl_QkQTcy6uWZEaMv-R1xHu9ZRuKGwFiUQ"},"remoteAddress":"::1","remotePort":58935},"res":{"statusCode":200,"headers":{"x-powered-by":"Express","access-control-allow-origin":"*","content-type":"application/json; charset=utf-8","content-length":"3","etag":"W/\"3-9imuRLez3P7URNNj5ibt9BHsaag\""}},"responseTime":52,"msg":"request completed"}
{"level":30,"time":1700937903749,"pid":29612,"hostname":"DESKTOP-G2AKT0K","req":{"id":6,"method":"PATCH","url":"/api/todos/5","query":{},"params":{},"headers":{"user-agent":"PostmanRuntime/7.29.2","accept":"*/*","postman-token":"814d2283-d29f-418a-86ae-fcdbc407f267","host":"localhost:8080","accept-encoding":"gzip, deflate, br","connection":"keep-alive","cookie":"refreshToken=eyJhbGciOiJIUzI1NiIsInR5cCI6IkpXVCJ9.eyJ1c2VyX25hbWUiOiJEcm9jaGlsYTIyOCIsImVtYWlsIjoiZXhhbXBsZTJAeWFuZGV4LmZyIiwiaWQiOjcsImlhdCI6MTcwMDkxMjQyNiwiZXhwIjoxNzAzNTA0NDI2fQ.M5y2hJdO3Pl_QkQTcy6uWZEaMv-R1xHu9ZRuKGwFiUQ","content-length":"0"},"remoteAddress":"::1","remotePort":56632},"res":{"statusCode":200,"headers":{"x-powered-by":"Express","access-control-allow-origin":"*","content-type":"application/json; charset=utf-8","content-length":"148","etag":"W/\"94-BZ/QguTs9ZkMqKpp/hEsMeFg4s4\""}},"responseTime":95,"msg":"request completed"}
{"level":30,"time":1700937913634,"pid":29612,"hostname":"DESKTOP-G2AKT0K","req":{"id":7,"method":"PATCH","url":"/api/todos/5","query":{},"params":{},"headers":{"user-agent":"PostmanRuntime/7.29.2","accept":"*/*","postman-token":"8ea38c74-f225-4ebb-ac06-86481dd7a73f","host":"localhost:8080","accept-encoding":"gzip, deflate, br","connection":"keep-alive","cookie":"refreshToken=eyJhbGciOiJIUzI1NiIsInR5cCI6IkpXVCJ9.eyJ1c2VyX25hbWUiOiJEcm9jaGlsYTIyOCIsImVtYWlsIjoiZXhhbXBsZTJAeWFuZGV4LmZyIiwiaWQiOjcsImlhdCI6MTcwMDkxMjQyNiwiZXhwIjoxNzAzNTA0NDI2fQ.M5y2hJdO3Pl_QkQTcy6uWZEaMv-R1xHu9ZRuKGwFiUQ","content-length":"0"},"remoteAddress":"::1","remotePort":60772},"res":{"statusCode":200,"headers":{"x-powered-by":"Express","access-control-allow-origin":"*","content-type":"application/json; charset=utf-8","content-length":"149","etag":"W/\"95-0Zt6fQ05zYEIgdbaz9J2DY7l3PI\""}},"responseTime":7,"msg":"request completed"}
{"level":30,"time":1700937918913,"pid":29612,"hostname":"DESKTOP-G2AKT0K","req":{"id":8,"method":"PATCH","url":"/api/todos/5","query":{},"params":{},"headers":{"user-agent":"PostmanRuntime/7.29.2","accept":"*/*","postman-token":"a29d4007-fc44-487a-b087-e74b9d2cf246","host":"localhost:8080","accept-encoding":"gzip, deflate, br","connection":"keep-alive","cookie":"refreshToken=eyJhbGciOiJIUzI1NiIsInR5cCI6IkpXVCJ9.eyJ1c2VyX25hbWUiOiJEcm9jaGlsYTIyOCIsImVtYWlsIjoiZXhhbXBsZTJAeWFuZGV4LmZyIiwiaWQiOjcsImlhdCI6MTcwMDkxMjQyNiwiZXhwIjoxNzAzNTA0NDI2fQ.M5y2hJdO3Pl_QkQTcy6uWZEaMv-R1xHu9ZRuKGwFiUQ","content-length":"0"},"remoteAddress":"::1","remotePort":60778},"res":{"statusCode":200,"headers":{"x-powered-by":"Express","access-control-allow-origin":"*","content-type":"application/json; charset=utf-8","content-length":"148","etag":"W/\"94-Y61zF3vVQOC8KQdk9B+FmI8gUGw\""}},"responseTime":5,"msg":"request completed"}
{"level":30,"time":1700937921004,"pid":29612,"hostname":"DESKTOP-G2AKT0K","req":{"id":9,"method":"PATCH","url":"/api/todos/5","query":{},"params":{},"headers":{"user-agent":"PostmanRuntime/7.29.2","accept":"*/*","postman-token":"74ddbbca-a464-44ce-862d-89bbda9055ea","host":"localhost:8080","accept-encoding":"gzip, deflate, br","connection":"keep-alive","cookie":"refreshToken=eyJhbGciOiJIUzI1NiIsInR5cCI6IkpXVCJ9.eyJ1c2VyX25hbWUiOiJEcm9jaGlsYTIyOCIsImVtYWlsIjoiZXhhbXBsZTJAeWFuZGV4LmZyIiwiaWQiOjcsImlhdCI6MTcwMDkxMjQyNiwiZXhwIjoxNzAzNTA0NDI2fQ.M5y2hJdO3Pl_QkQTcy6uWZEaMv-R1xHu9ZRuKGwFiUQ","content-length":"0"},"remoteAddress":"::1","remotePort":60778},"res":{"statusCode":200,"headers":{"x-powered-by":"Express","access-control-allow-origin":"*","content-type":"application/json; charset=utf-8","content-length":"149","etag":"W/\"95-I4cgL3tfmJYXnlY2grlDkJNq2RY\""}},"responseTime":4,"msg":"request completed"}
{"level":30,"time":1700937938410,"pid":29612,"hostname":"DESKTOP-G2AKT0K","req":{"id":10,"method":"DELETE","url":"/api/todos/1","query":{},"params":{},"headers":{"user-agent":"PostmanRuntime/7.29.2","accept":"*/*","postman-token":"734b38e1-4bf8-42e8-b2a9-a25a756f9c7b","host":"localhost:8080","accept-encoding":"gzip, deflate, br","connection":"keep-alive","cookie":"refreshToken=eyJhbGciOiJIUzI1NiIsInR5cCI6IkpXVCJ9.eyJ1c2VyX25hbWUiOiJEcm9jaGlsYTIyOCIsImVtYWlsIjoiZXhhbXBsZTJAeWFuZGV4LmZyIiwiaWQiOjcsImlhdCI6MTcwMDkxMjQyNiwiZXhwIjoxNzAzNTA0NDI2fQ.M5y2hJdO3Pl_QkQTcy6uWZEaMv-R1xHu9ZRuKGwFiUQ"},"remoteAddress":"::1","remotePort":55503},"res":{"statusCode":200,"headers":{"x-powered-by":"Express","access-control-allow-origin":"*","content-type":"application/json; charset=utf-8","content-length":"1","etag":"W/\"1-NWoZK3kTsExUV00Ywo1G5jlUKKs\""}},"responseTime":47,"msg":"request completed"}
